2019.07.17 19:07:38
Имя: значение не указано
Телефон: 103
Адрес страницы: http://lp.local/

2019.07.17 19:13:48
Имя: lkcjkl
Телефон: 103
Адрес страницы: http://lp.local/

2019.07.17 19:16:31
Имя: тест
Телефон: 103
Адрес страницы: http://lp.local/

2019.07.17 19:19:38
Имя: значение не указано
Телефон: 103
Адрес страницы: http://lp.local/

2019.07.17 19:21:18
Имя: значение не указано
Телефон: 130
Дополнительная информация: Услуга 3
Адрес страницы: http://lp.local/

2019.07.17 19:34:06
Имя: значение не указано
Телефон: 103
Почта: значение не указано
Сообщение: значение не указано
Адрес страницы: http://lp.local/

2019.07.17 19:39:54
Имя: значение не указано
Телефон: 103
Почта: значение не указано
Сообщение: значение не указано
Адрес страницы: http://lp.local/

2019.07.17 19:42:25
Имя: значение не указано
Телефон: 103
Почта: значение не указано
Сообщение: значение не указано
Адрес страницы: http://lp.local/

2019.07.17 20:11:59
Имя 1: weqwe
Телефон: 103
Почта: значение не указано
Сообщение: значение не указано
Адрес страницы: http://lp.local/

2019.07.17 20:45:38
Имя: 123
Телефон: 103
Почта: 213@w
Сообщение: значение не указано
Адрес страницы: http://lp.local/

2019.07.17 20:45:45
Имя: значение не указано
Телефон: 003
Дополнительная информация: Услуга 1
Адрес страницы: http://lp.local/

2019.07.25 00:41:52
Имя: 11
Телефон: 11
Адрес страницы: http://mysite.ru/

2019.07.25 00:43:02
Имя: значение не указано
Телефон: 1
Адрес страницы: http://mysite.ru/

2019.07.25 00:46:19
Имя: значение не указано
Телефон: 11
Адрес страницы: http://mysite.ru/

2019.07.25 00:50:57
dddddddИмя: 111
Телефон: 111
Адрес страницы: http://mysite.ru/

2019.07.29 09:09:08
dddddddИмя: Анна
Телефон: ,1
Почта: 111111@11
Сообщение: ,
Адрес страницы: http://mysite.ru/#lp-srv4

2019.07.29 09:44:42
dddddddИмя: 1
Телефон: 1
Почта: 1@1
Сообщение: 1
Адрес страницы: http://mysite.ru/#lp-srv1

